<?xml version="1.0" encoding="UTF-8"?>
<!-- Generated by org.testng.reporters.JUnitReportReporter -->
<testsuite hostname="NTLT09" name="regressiontestscript.Highlevel_regression" tests="1" failures="0" timestamp="22 Feb 2021 07:13:10 GMT" time="46.940" errors="0">
  <testcase name="validloginlogout_session1" time="46.940" classname="regressiontestscript.Highlevel_regression"/>
</testsuite> <!-- regressiontestscript.Highlevel_regression -->
